CRITICAL - 2020-08-06 00:01:50 --> Undefined index: id_ticket
#0 C:\xampp\htdocs\pgnapp\app\Controllers\Ticket.php(86): CodeIgniter\Debug\Exceptions->errorHandler(8, 'Undefined index...', 'C:\\xampp\\htdocs...', 86, Array)
#1 C:\xampp\htdocs\pgnapp\vendor\codeigniter4\framework\system\CodeIgniter.php(918): App\Controllers\Ticket->get_ticket_details()
#2 C:\xampp\htdocs\pgnapp\vendor\codeigniter4\framework\system\CodeIgniter.php(404): CodeIgniter\CodeIgniter->runController(Object(App\Controllers\Ticket))
#3 C:\xampp\htdocs\pgnapp\vendor\codeigniter4\framework\system\CodeIgniter.php(312): CodeIgniter\CodeIgniter->handleRequest(NULL, Object(Config\Cache), false)
#4 C:\xampp\htdocs\pgnapp\public\index.php(45): CodeIgniter\CodeIgniter->run()
#5 C:\xampp\htdocs\pgnapp\vendor\codeigniter4\framework\system\Commands\Server\rewrite.php(34): require_once('C:\\xampp\\htdocs...')
#6 {main}
CRITICAL - 2020-08-06 00:01:51 --> Undefined index: id_ticket
#0 C:\xampp\htdocs\pgnapp\app\Controllers\Ticket.php(86): CodeIgniter\Debug\Exceptions->errorHandler(8, 'Undefined index...', 'C:\\xampp\\htdocs...', 86, Array)
#1 C:\xampp\htdocs\pgnapp\vendor\codeigniter4\framework\system\CodeIgniter.php(918): App\Controllers\Ticket->get_ticket_details()
#2 C:\xampp\htdocs\pgnapp\vendor\codeigniter4\framework\system\CodeIgniter.php(404): CodeIgniter\CodeIgniter->runController(Object(App\Controllers\Ticket))
#3 C:\xampp\htdocs\pgnapp\vendor\codeigniter4\framework\system\CodeIgniter.php(312): CodeIgniter\CodeIgniter->handleRequest(NULL, Object(Config\Cache), false)
#4 C:\xampp\htdocs\pgnapp\public\index.php(45): CodeIgniter\CodeIgniter->run()
#5 C:\xampp\htdocs\pgnapp\vendor\codeigniter4\framework\system\Commands\Server\rewrite.php(34): require_once('C:\\xampp\\htdocs...')
#6 {main}
CRITICAL - 2020-08-06 00:01:57 --> Undefined index: id_ticket
#0 C:\xampp\htdocs\pgnapp\app\Controllers\Ticket.php(86): CodeIgniter\Debug\Exceptions->errorHandler(8, 'Undefined index...', 'C:\\xampp\\htdocs...', 86, Array)
#1 C:\xampp\htdocs\pgnapp\vendor\codeigniter4\framework\system\CodeIgniter.php(918): App\Controllers\Ticket->get_ticket_details()
#2 C:\xampp\htdocs\pgnapp\vendor\codeigniter4\framework\system\CodeIgniter.php(404): CodeIgniter\CodeIgniter->runController(Object(App\Controllers\Ticket))
#3 C:\xampp\htdocs\pgnapp\vendor\codeigniter4\framework\system\CodeIgniter.php(312): CodeIgniter\CodeIgniter->handleRequest(NULL, Object(Config\Cache), false)
#4 C:\xampp\htdocs\pgnapp\public\index.php(45): CodeIgniter\CodeIgniter->run()
#5 C:\xampp\htdocs\pgnapp\vendor\codeigniter4\framework\system\Commands\Server\rewrite.php(34): require_once('C:\\xampp\\htdocs...')
#6 {main}
CRITICAL - 2020-08-06 00:06:12 --> There is no data to update.
#0 C:\xampp\htdocs\pgnapp\vendor\codeigniter4\framework\system\Model.php(834): CodeIgniter\Database\Exceptions\DataException::forEmptyDataset('update')
#1 C:\xampp\htdocs\pgnapp\app\Models\TicketModel.php(41): CodeIgniter\Model->update(Array)
#2 C:\xampp\htdocs\pgnapp\app\Controllers\Ticket.php(102): App\Models\TicketModel->get_approved('1', 'l9tc3I4', '2')
#3 C:\xampp\htdocs\pgnapp\vendor\codeigniter4\framework\system\CodeIgniter.php(918): App\Controllers\Ticket->approved()
#4 C:\xampp\htdocs\pgnapp\vendor\codeigniter4\framework\system\CodeIgniter.php(404): CodeIgniter\CodeIgniter->runController(Object(App\Controllers\Ticket))
#5 C:\xampp\htdocs\pgnapp\vendor\codeigniter4\framework\system\CodeIgniter.php(312): CodeIgniter\CodeIgniter->handleRequest(NULL, Object(Config\Cache), false)
#6 C:\xampp\htdocs\pgnapp\public\index.php(45): CodeIgniter\CodeIgniter->run()
#7 C:\xampp\htdocs\pgnapp\vendor\codeigniter4\framework\system\Commands\Server\rewrite.php(34): require_once('C:\\xampp\\htdocs...')
#8 {main}
CRITICAL - 2020-08-06 00:07:18 --> There is no data to update.
#0 C:\xampp\htdocs\pgnapp\vendor\codeigniter4\framework\system\Model.php(834): CodeIgniter\Database\Exceptions\DataException::forEmptyDataset('update')
#1 C:\xampp\htdocs\pgnapp\app\Models\TicketModel.php(41): CodeIgniter\Model->update(Array)
#2 C:\xampp\htdocs\pgnapp\app\Controllers\Ticket.php(102): App\Models\TicketModel->get_approved('1', 'MfDHaqE', '2')
#3 C:\xampp\htdocs\pgnapp\vendor\codeigniter4\framework\system\CodeIgniter.php(918): App\Controllers\Ticket->approved()
#4 C:\xampp\htdocs\pgnapp\vendor\codeigniter4\framework\system\CodeIgniter.php(404): CodeIgniter\CodeIgniter->runController(Object(App\Controllers\Ticket))
#5 C:\xampp\htdocs\pgnapp\vendor\codeigniter4\framework\system\CodeIgniter.php(312): CodeIgniter\CodeIgniter->handleRequest(NULL, Object(Config\Cache), false)
#6 C:\xampp\htdocs\pgnapp\public\index.php(45): CodeIgniter\CodeIgniter->run()
#7 C:\xampp\htdocs\pgnapp\vendor\codeigniter4\framework\system\Commands\Server\rewrite.php(34): require_once('C:\\xampp\\htdocs...')
#8 {main}
CRITICAL - 2020-08-06 00:30:14 --> Undefined offset: 0
#0 C:\xampp\htdocs\pgnapp\app\Controllers\Ticket.php(84): CodeIgniter\Debug\Exceptions->errorHandler(8, 'Undefined offse...', 'C:\\xampp\\htdocs...', 84, Array)
#1 C:\xampp\htdocs\pgnapp\vendor\codeigniter4\framework\system\CodeIgniter.php(918): App\Controllers\Ticket->get_ticket_details()
#2 C:\xampp\htdocs\pgnapp\vendor\codeigniter4\framework\system\CodeIgniter.php(404): CodeIgniter\CodeIgniter->runController(Object(App\Controllers\Ticket))
#3 C:\xampp\htdocs\pgnapp\vendor\codeigniter4\framework\system\CodeIgniter.php(312): CodeIgniter\CodeIgniter->handleRequest(NULL, Object(Config\Cache), false)
#4 C:\xampp\htdocs\pgnapp\public\index.php(45): CodeIgniter\CodeIgniter->run()
#5 C:\xampp\htdocs\pgnapp\vendor\codeigniter4\framework\system\Commands\Server\rewrite.php(34): require_once('C:\\xampp\\htdocs...')
#6 {main}
CRITICAL - 2020-08-06 00:30:15 --> Undefined offset: 0
#0 C:\xampp\htdocs\pgnapp\app\Controllers\Ticket.php(84): CodeIgniter\Debug\Exceptions->errorHandler(8, 'Undefined offse...', 'C:\\xampp\\htdocs...', 84, Array)
#1 C:\xampp\htdocs\pgnapp\vendor\codeigniter4\framework\system\CodeIgniter.php(918): App\Controllers\Ticket->get_ticket_details()
#2 C:\xampp\htdocs\pgnapp\vendor\codeigniter4\framework\system\CodeIgniter.php(404): CodeIgniter\CodeIgniter->runController(Object(App\Controllers\Ticket))
#3 C:\xampp\htdocs\pgnapp\vendor\codeigniter4\framework\system\CodeIgniter.php(312): CodeIgniter\CodeIgniter->handleRequest(NULL, Object(Config\Cache), false)
#4 C:\xampp\htdocs\pgnapp\public\index.php(45): CodeIgniter\CodeIgniter->run()
#5 C:\xampp\htdocs\pgnapp\vendor\codeigniter4\framework\system\Commands\Server\rewrite.php(34): require_once('C:\\xampp\\htdocs...')
#6 {main}
CRITICAL - 2020-08-06 00:30:15 --> Undefined offset: 0
#0 C:\xampp\htdocs\pgnapp\app\Controllers\Ticket.php(84): CodeIgniter\Debug\Exceptions->errorHandler(8, 'Undefined offse...', 'C:\\xampp\\htdocs...', 84, Array)
#1 C:\xampp\htdocs\pgnapp\vendor\codeigniter4\framework\system\CodeIgniter.php(918): App\Controllers\Ticket->get_ticket_details()
#2 C:\xampp\htdocs\pgnapp\vendor\codeigniter4\framework\system\CodeIgniter.php(404): CodeIgniter\CodeIgniter->runController(Object(App\Controllers\Ticket))
#3 C:\xampp\htdocs\pgnapp\vendor\codeigniter4\framework\system\CodeIgniter.php(312): CodeIgniter\CodeIgniter->handleRequest(NULL, Object(Config\Cache), false)
#4 C:\xampp\htdocs\pgnapp\public\index.php(45): CodeIgniter\CodeIgniter->run()
#5 C:\xampp\htdocs\pgnapp\vendor\codeigniter4\framework\system\Commands\Server\rewrite.php(34): require_once('C:\\xampp\\htdocs...')
#6 {main}
CRITICAL - 2020-08-06 00:30:30 --> Undefined offset: 0
#0 C:\xampp\htdocs\pgnapp\app\Controllers\Ticket.php(84): CodeIgniter\Debug\Exceptions->errorHandler(8, 'Undefined offse...', 'C:\\xampp\\htdocs...', 84, Array)
#1 C:\xampp\htdocs\pgnapp\vendor\codeigniter4\framework\system\CodeIgniter.php(918): App\Controllers\Ticket->get_ticket_details()
#2 C:\xampp\htdocs\pgnapp\vendor\codeigniter4\framework\system\CodeIgniter.php(404): CodeIgniter\CodeIgniter->runController(Object(App\Controllers\Ticket))
#3 C:\xampp\htdocs\pgnapp\vendor\codeigniter4\framework\system\CodeIgniter.php(312): CodeIgniter\CodeIgniter->handleRequest(NULL, Object(Config\Cache), false)
#4 C:\xampp\htdocs\pgnapp\public\index.php(45): CodeIgniter\CodeIgniter->run()
#5 C:\xampp\htdocs\pgnapp\vendor\codeigniter4\framework\system\Commands\Server\rewrite.php(34): require_once('C:\\xampp\\htdocs...')
#6 {main}
CRITICAL - 2020-08-06 00:30:30 --> Undefined offset: 0
#0 C:\xampp\htdocs\pgnapp\app\Controllers\Ticket.php(84): CodeIgniter\Debug\Exceptions->errorHandler(8, 'Undefined offse...', 'C:\\xampp\\htdocs...', 84, Array)
#1 C:\xampp\htdocs\pgnapp\vendor\codeigniter4\framework\system\CodeIgniter.php(918): App\Controllers\Ticket->get_ticket_details()
#2 C:\xampp\htdocs\pgnapp\vendor\codeigniter4\framework\system\CodeIgniter.php(404): CodeIgniter\CodeIgniter->runController(Object(App\Controllers\Ticket))
#3 C:\xampp\htdocs\pgnapp\vendor\codeigniter4\framework\system\CodeIgniter.php(312): CodeIgniter\CodeIgniter->handleRequest(NULL, Object(Config\Cache), false)
#4 C:\xampp\htdocs\pgnapp\public\index.php(45): CodeIgniter\CodeIgniter->run()
#5 C:\xampp\htdocs\pgnapp\vendor\codeigniter4\framework\system\Commands\Server\rewrite.php(34): require_once('C:\\xampp\\htdocs...')
#6 {main}
CRITICAL - 2020-08-06 00:30:38 --> Undefined offset: 0
#0 C:\xampp\htdocs\pgnapp\app\Controllers\Ticket.php(84): CodeIgniter\Debug\Exceptions->errorHandler(8, 'Undefined offse...', 'C:\\xampp\\htdocs...', 84, Array)
#1 C:\xampp\htdocs\pgnapp\vendor\codeigniter4\framework\system\CodeIgniter.php(918): App\Controllers\Ticket->get_ticket_details()
#2 C:\xampp\htdocs\pgnapp\vendor\codeigniter4\framework\system\CodeIgniter.php(404): CodeIgniter\CodeIgniter->runController(Object(App\Controllers\Ticket))
#3 C:\xampp\htdocs\pgnapp\vendor\codeigniter4\framework\system\CodeIgniter.php(312): CodeIgniter\CodeIgniter->handleRequest(NULL, Object(Config\Cache), false)
#4 C:\xampp\htdocs\pgnapp\public\index.php(45): CodeIgniter\CodeIgniter->run()
#5 C:\xampp\htdocs\pgnapp\vendor\codeigniter4\framework\system\Commands\Server\rewrite.php(34): require_once('C:\\xampp\\htdocs...')
#6 {main}
CRITICAL - 2020-08-06 01:25:24 --> There is no data to update.
#0 C:\xampp\htdocs\pgnapp\vendor\codeigniter4\framework\system\Model.php(834): CodeIgniter\Database\Exceptions\DataException::forEmptyDataset('update')
#1 C:\xampp\htdocs\pgnapp\app\Models\TicketModel.php(41): CodeIgniter\Model->update(Array)
#2 C:\xampp\htdocs\pgnapp\app\Controllers\Ticket.php(106): App\Models\TicketModel->get_approved('1', 'qwnt2K3', '2')
#3 C:\xampp\htdocs\pgnapp\vendor\codeigniter4\framework\system\CodeIgniter.php(918): App\Controllers\Ticket->approved()
#4 C:\xampp\htdocs\pgnapp\vendor\codeigniter4\framework\system\CodeIgniter.php(404): CodeIgniter\CodeIgniter->runController(Object(App\Controllers\Ticket))
#5 C:\xampp\htdocs\pgnapp\vendor\codeigniter4\framework\system\CodeIgniter.php(312): CodeIgniter\CodeIgniter->handleRequest(NULL, Object(Config\Cache), false)
#6 C:\xampp\htdocs\pgnapp\public\index.php(45): CodeIgniter\CodeIgniter->run()
#7 C:\xampp\htdocs\pgnapp\vendor\codeigniter4\framework\system\Commands\Server\rewrite.php(34): require_once('C:\\xampp\\htdocs...')
#8 {main}
CRITICAL - 2020-08-06 01:25:38 --> There is no data to update.
#0 C:\xampp\htdocs\pgnapp\vendor\codeigniter4\framework\system\Model.php(834): CodeIgniter\Database\Exceptions\DataException::forEmptyDataset('update')
#1 C:\xampp\htdocs\pgnapp\app\Models\TicketModel.php(41): CodeIgniter\Model->update(Array)
#2 C:\xampp\htdocs\pgnapp\app\Controllers\Ticket.php(106): App\Models\TicketModel->get_approved('1', 'pVluLAA', '10')
#3 C:\xampp\htdocs\pgnapp\vendor\codeigniter4\framework\system\CodeIgniter.php(918): App\Controllers\Ticket->approved()
#4 C:\xampp\htdocs\pgnapp\vendor\codeigniter4\framework\system\CodeIgniter.php(404): CodeIgniter\CodeIgniter->runController(Object(App\Controllers\Ticket))
#5 C:\xampp\htdocs\pgnapp\vendor\codeigniter4\framework\system\CodeIgniter.php(312): CodeIgniter\CodeIgniter->handleRequest(NULL, Object(Config\Cache), false)
#6 C:\xampp\htdocs\pgnapp\public\index.php(45): CodeIgniter\CodeIgniter->run()
#7 C:\xampp\htdocs\pgnapp\vendor\codeigniter4\framework\system\Commands\Server\rewrite.php(34): require_once('C:\\xampp\\htdocs...')
#8 {main}
CRITICAL - 2020-08-06 01:26:42 --> There is no data to update.
#0 C:\xampp\htdocs\pgnapp\vendor\codeigniter4\framework\system\Model.php(834): CodeIgniter\Database\Exceptions\DataException::forEmptyDataset('update')
#1 C:\xampp\htdocs\pgnapp\app\Models\TicketModel.php(41): CodeIgniter\Model->update(Array)
#2 C:\xampp\htdocs\pgnapp\app\Controllers\Ticket.php(106): App\Models\TicketModel->get_approved('1', '5nJRH79', '2')
#3 C:\xampp\htdocs\pgnapp\vendor\codeigniter4\framework\system\CodeIgniter.php(918): App\Controllers\Ticket->approved()
#4 C:\xampp\htdocs\pgnapp\vendor\codeigniter4\framework\system\CodeIgniter.php(404): CodeIgniter\CodeIgniter->runController(Object(App\Controllers\Ticket))
#5 C:\xampp\htdocs\pgnapp\vendor\codeigniter4\framework\system\CodeIgniter.php(312): CodeIgniter\CodeIgniter->handleRequest(NULL, Object(Config\Cache), false)
#6 C:\xampp\htdocs\pgnapp\public\index.php(45): CodeIgniter\CodeIgniter->run()
#7 C:\xampp\htdocs\pgnapp\vendor\codeigniter4\framework\system\Commands\Server\rewrite.php(34): require_once('C:\\xampp\\htdocs...')
#8 {main}
CRITICAL - 2020-08-06 01:30:17 --> There is no data to update.
#0 C:\xampp\htdocs\pgnapp\vendor\codeigniter4\framework\system\Model.php(834): CodeIgniter\Database\Exceptions\DataException::forEmptyDataset('update')
#1 C:\xampp\htdocs\pgnapp\app\Models\TicketModel.php(41): CodeIgniter\Model->update(Array)
#2 C:\xampp\htdocs\pgnapp\app\Controllers\Ticket.php(112): App\Models\TicketModel->get_approved('1', 'NvuBEVs', '2')
#3 C:\xampp\htdocs\pgnapp\vendor\codeigniter4\framework\system\CodeIgniter.php(918): App\Controllers\Ticket->approved()
#4 C:\xampp\htdocs\pgnapp\vendor\codeigniter4\framework\system\CodeIgniter.php(404): CodeIgniter\CodeIgniter->runController(Object(App\Controllers\Ticket))
#5 C:\xampp\htdocs\pgnapp\vendor\codeigniter4\framework\system\CodeIgniter.php(312): CodeIgniter\CodeIgniter->handleRequest(NULL, Object(Config\Cache), false)
#6 C:\xampp\htdocs\pgnapp\public\index.php(45): CodeIgniter\CodeIgniter->run()
#7 C:\xampp\htdocs\pgnapp\vendor\codeigniter4\framework\system\Commands\Server\rewrite.php(34): require_once('C:\\xampp\\htdocs...')
#8 {main}
CRITICAL - 2020-08-06 01:30:29 --> There is no data to update.
#0 C:\xampp\htdocs\pgnapp\vendor\codeigniter4\framework\system\Model.php(834): CodeIgniter\Database\Exceptions\DataException::forEmptyDataset('update')
#1 C:\xampp\htdocs\pgnapp\app\Models\TicketModel.php(41): CodeIgniter\Model->update(Array)
#2 C:\xampp\htdocs\pgnapp\app\Controllers\Ticket.php(112): App\Models\TicketModel->get_approved('1', 'iKDxbAv', '2')
#3 C:\xampp\htdocs\pgnapp\vendor\codeigniter4\framework\system\CodeIgniter.php(918): App\Controllers\Ticket->approved()
#4 C:\xampp\htdocs\pgnapp\vendor\codeigniter4\framework\system\CodeIgniter.php(404): CodeIgniter\CodeIgniter->runController(Object(App\Controllers\Ticket))
#5 C:\xampp\htdocs\pgnapp\vendor\codeigniter4\framework\system\CodeIgniter.php(312): CodeIgniter\CodeIgniter->handleRequest(NULL, Object(Config\Cache), false)
#6 C:\xampp\htdocs\pgnapp\public\index.php(45): CodeIgniter\CodeIgniter->run()
#7 C:\xampp\htdocs\pgnapp\vendor\codeigniter4\framework\system\Commands\Server\rewrite.php(34): require_once('C:\\xampp\\htdocs...')
#8 {main}
CRITICAL - 2020-08-06 01:35:07 --> Unknown column 'ticket.id' in 'where clause'
#0 C:\xampp\htdocs\pgnapp\vendor\codeigniter4\framework\system\Database\MySQLi\Connection.php(331): mysqli->query('UPDATE `ticket`...')
#1 C:\xampp\htdocs\pgnapp\vendor\codeigniter4\framework\system\Database\BaseConnection.php(741): CodeIgniter\Database\MySQLi\Connection->execute('UPDATE `ticket`...')
#2 C:\xampp\htdocs\pgnapp\vendor\codeigniter4\framework\system\Database\BaseConnection.php(669): CodeIgniter\Database\BaseConnection->simpleQuery('UPDATE `ticket`...')
#3 C:\xampp\htdocs\pgnapp\vendor\codeigniter4\framework\system\Database\BaseBuilder.php(2456): CodeIgniter\Database\BaseConnection->query('UPDATE `ticket`...', Array, false)
#4 C:\xampp\htdocs\pgnapp\vendor\codeigniter4\framework\system\Model.php(889): CodeIgniter\Database\BaseBuilder->update()
#5 C:\xampp\htdocs\pgnapp\app\Controllers\Ticket.php(112): CodeIgniter\Model->update(Array, Array)
#6 C:\xampp\htdocs\pgnapp\vendor\codeigniter4\framework\system\CodeIgniter.php(918): App\Controllers\Ticket->approved()
#7 C:\xampp\htdocs\pgnapp\vendor\codeigniter4\framework\system\CodeIgniter.php(404): CodeIgniter\CodeIgniter->runController(Object(App\Controllers\Ticket))
#8 C:\xampp\htdocs\pgnapp\vendor\codeigniter4\framework\system\CodeIgniter.php(312): CodeIgniter\CodeIgniter->handleRequest(NULL, Object(Config\Cache), false)
#9 C:\xampp\htdocs\pgnapp\public\index.php(45): CodeIgniter\CodeIgniter->run()
#10 C:\xampp\htdocs\pgnapp\vendor\codeigniter4\framework\system\Commands\Server\rewrite.php(34): require_once('C:\\xampp\\htdocs...')
#11 {main}
CRITICAL - 2020-08-06 01:35:26 --> Unknown column 'ticket.id' in 'where clause'
#0 C:\xampp\htdocs\pgnapp\vendor\codeigniter4\framework\system\Database\MySQLi\Connection.php(331): mysqli->query('UPDATE `ticket`...')
#1 C:\xampp\htdocs\pgnapp\vendor\codeigniter4\framework\system\Database\BaseConnection.php(741): CodeIgniter\Database\MySQLi\Connection->execute('UPDATE `ticket`...')
#2 C:\xampp\htdocs\pgnapp\vendor\codeigniter4\framework\system\Database\BaseConnection.php(669): CodeIgniter\Database\BaseConnection->simpleQuery('UPDATE `ticket`...')
#3 C:\xampp\htdocs\pgnapp\vendor\codeigniter4\framework\system\Database\BaseBuilder.php(2456): CodeIgniter\Database\BaseConnection->query('UPDATE `ticket`...', Array, false)
#4 C:\xampp\htdocs\pgnapp\vendor\codeigniter4\framework\system\Model.php(889): CodeIgniter\Database\BaseBuilder->update()
#5 C:\xampp\htdocs\pgnapp\app\Controllers\Ticket.php(112): CodeIgniter\Model->update(Array, Array)
#6 C:\xampp\htdocs\pgnapp\vendor\codeigniter4\framework\system\CodeIgniter.php(918): App\Controllers\Ticket->approved()
#7 C:\xampp\htdocs\pgnapp\vendor\codeigniter4\framework\system\CodeIgniter.php(404): CodeIgniter\CodeIgniter->runController(Object(App\Controllers\Ticket))
#8 C:\xampp\htdocs\pgnapp\vendor\codeigniter4\framework\system\CodeIgniter.php(312): CodeIgniter\CodeIgniter->handleRequest(NULL, Object(Config\Cache), false)
#9 C:\xampp\htdocs\pgnapp\public\index.php(45): CodeIgniter\CodeIgniter->run()
#10 C:\xampp\htdocs\pgnapp\vendor\codeigniter4\framework\system\Commands\Server\rewrite.php(34): require_once('C:\\xampp\\htdocs...')
#11 {main}
CRITICAL - 2020-08-06 01:37:35 --> There is no data to update.
#0 C:\xampp\htdocs\pgnapp\vendor\codeigniter4\framework\system\Model.php(834): CodeIgniter\Database\Exceptions\DataException::forEmptyDataset('update')
#1 C:\xampp\htdocs\pgnapp\app\Controllers\Ticket.php(111): CodeIgniter\Model->update(Array)
#2 C:\xampp\htdocs\pgnapp\vendor\codeigniter4\framework\system\CodeIgniter.php(918): App\Controllers\Ticket->approved()
#3 C:\xampp\htdocs\pgnapp\vendor\codeigniter4\framework\system\CodeIgniter.php(404): CodeIgniter\CodeIgniter->runController(Object(App\Controllers\Ticket))
#4 C:\xampp\htdocs\pgnapp\vendor\codeigniter4\framework\system\CodeIgniter.php(312): CodeIgniter\CodeIgniter->handleRequest(NULL, Object(Config\Cache), false)
#5 C:\xampp\htdocs\pgnapp\public\index.php(45): CodeIgniter\CodeIgniter->run()
#6 C:\xampp\htdocs\pgnapp\vendor\codeigniter4\framework\system\Commands\Server\rewrite.php(34): require_once('C:\\xampp\\htdocs...')
#7 {main}
CRITICAL - 2020-08-06 01:48:34 --> Duplicate entry '2' for key 'PRIMARY'
#0 C:\xampp\htdocs\pgnapp\vendor\codeigniter4\framework\system\Database\MySQLi\Connection.php(331): mysqli->query('INSERT INTO `ti...')
#1 C:\xampp\htdocs\pgnapp\vendor\codeigniter4\framework\system\Database\BaseConnection.php(741): CodeIgniter\Database\MySQLi\Connection->execute('INSERT INTO `ti...')
#2 C:\xampp\htdocs\pgnapp\vendor\codeigniter4\framework\system\Database\BaseConnection.php(669): CodeIgniter\Database\BaseConnection->simpleQuery('INSERT INTO `ti...')
#3 C:\xampp\htdocs\pgnapp\vendor\codeigniter4\framework\system\Database\BaseBuilder.php(2249): CodeIgniter\Database\BaseConnection->query('INSERT INTO `ti...', Array, false)
#4 C:\xampp\htdocs\pgnapp\vendor\codeigniter4\framework\system\Model.php(755): CodeIgniter\Database\BaseBuilder->insert()
#5 C:\xampp\htdocs\pgnapp\vendor\codeigniter4\framework\system\Model.php(574): CodeIgniter\Model->insert(Array, false)
#6 C:\xampp\htdocs\pgnapp\app\Controllers\Ticket.php(109): CodeIgniter\Model->save(Array)
#7 C:\xampp\htdocs\pgnapp\vendor\codeigniter4\framework\system\CodeIgniter.php(918): App\Controllers\Ticket->approved()
#8 C:\xampp\htdocs\pgnapp\vendor\codeigniter4\framework\system\CodeIgniter.php(404): CodeIgniter\CodeIgniter->runController(Object(App\Controllers\Ticket))
#9 C:\xampp\htdocs\pgnapp\vendor\codeigniter4\framework\system\CodeIgniter.php(312): CodeIgniter\CodeIgniter->handleRequest(NULL, Object(Config\Cache), false)
#10 C:\xampp\htdocs\pgnapp\public\index.php(45): CodeIgniter\CodeIgniter->run()
#11 C:\xampp\htdocs\pgnapp\vendor\codeigniter4\framework\system\Commands\Server\rewrite.php(34): require_once('C:\\xampp\\htdocs...')
#12 {main}
CRITICAL - 2020-08-06 01:48:55 --> Duplicate entry '2' for key 'PRIMARY'
#0 C:\xampp\htdocs\pgnapp\vendor\codeigniter4\framework\system\Database\MySQLi\Connection.php(331): mysqli->query('INSERT INTO `ti...')
#1 C:\xampp\htdocs\pgnapp\vendor\codeigniter4\framework\system\Database\BaseConnection.php(741): CodeIgniter\Database\MySQLi\Connection->execute('INSERT INTO `ti...')
#2 C:\xampp\htdocs\pgnapp\vendor\codeigniter4\framework\system\Database\BaseConnection.php(669): CodeIgniter\Database\BaseConnection->simpleQuery('INSERT INTO `ti...')
#3 C:\xampp\htdocs\pgnapp\vendor\codeigniter4\framework\system\Database\BaseBuilder.php(2249): CodeIgniter\Database\BaseConnection->query('INSERT INTO `ti...', Array, false)
#4 C:\xampp\htdocs\pgnapp\vendor\codeigniter4\framework\system\Model.php(755): CodeIgniter\Database\BaseBuilder->insert()
#5 C:\xampp\htdocs\pgnapp\vendor\codeigniter4\framework\system\Model.php(574): CodeIgniter\Model->insert(Array, false)
#6 C:\xampp\htdocs\pgnapp\app\Controllers\Ticket.php(109): CodeIgniter\Model->save(Array)
#7 C:\xampp\htdocs\pgnapp\vendor\codeigniter4\framework\system\CodeIgniter.php(918): App\Controllers\Ticket->approved()
#8 C:\xampp\htdocs\pgnapp\vendor\codeigniter4\framework\system\CodeIgniter.php(404): CodeIgniter\CodeIgniter->runController(Object(App\Controllers\Ticket))
#9 C:\xampp\htdocs\pgnapp\vendor\codeigniter4\framework\system\CodeIgniter.php(312): CodeIgniter\CodeIgniter->handleRequest(NULL, Object(Config\Cache), false)
#10 C:\xampp\htdocs\pgnapp\public\index.php(45): CodeIgniter\CodeIgniter->run()
#11 C:\xampp\htdocs\pgnapp\vendor\codeigniter4\framework\system\Commands\Server\rewrite.php(34): require_once('C:\\xampp\\htdocs...')
#12 {main}
CRITICAL - 2020-08-06 01:55:19 --> Duplicate entry '2' for key 'PRIMARY'
#0 C:\xampp\htdocs\pgnapp\vendor\codeigniter4\framework\system\Database\MySQLi\Connection.php(331): mysqli->query('INSERT INTO `ti...')
#1 C:\xampp\htdocs\pgnapp\vendor\codeigniter4\framework\system\Database\BaseConnection.php(741): CodeIgniter\Database\MySQLi\Connection->execute('INSERT INTO `ti...')
#2 C:\xampp\htdocs\pgnapp\vendor\codeigniter4\framework\system\Database\BaseConnection.php(669): CodeIgniter\Database\BaseConnection->simpleQuery('INSERT INTO `ti...')
#3 C:\xampp\htdocs\pgnapp\vendor\codeigniter4\framework\system\Database\BaseBuilder.php(2249): CodeIgniter\Database\BaseConnection->query('INSERT INTO `ti...', Array, false)
#4 C:\xampp\htdocs\pgnapp\vendor\codeigniter4\framework\system\Model.php(755): CodeIgniter\Database\BaseBuilder->insert()
#5 C:\xampp\htdocs\pgnapp\vendor\codeigniter4\framework\system\Model.php(574): CodeIgniter\Model->insert(Array, false)
#6 C:\xampp\htdocs\pgnapp\app\Controllers\Ticket.php(114): CodeIgniter\Model->save(Array)
#7 C:\xampp\htdocs\pgnapp\vendor\codeigniter4\framework\system\CodeIgniter.php(918): App\Controllers\Ticket->approved()
#8 C:\xampp\htdocs\pgnapp\vendor\codeigniter4\framework\system\CodeIgniter.php(404): CodeIgniter\CodeIgniter->runController(Object(App\Controllers\Ticket))
#9 C:\xampp\htdocs\pgnapp\vendor\codeigniter4\framework\system\CodeIgniter.php(312): CodeIgniter\CodeIgniter->handleRequest(NULL, Object(Config\Cache), false)
#10 C:\xampp\htdocs\pgnapp\public\index.php(45): CodeIgniter\CodeIgniter->run()
#11 C:\xampp\htdocs\pgnapp\vendor\codeigniter4\framework\system\Commands\Server\rewrite.php(34): require_once('C:\\xampp\\htdocs...')
#12 {main}
CRITICAL - 2020-08-06 01:56:49 --> Duplicate entry '2' for key 'PRIMARY'
#0 C:\xampp\htdocs\pgnapp\vendor\codeigniter4\framework\system\Database\MySQLi\Connection.php(331): mysqli->query('INSERT INTO `ti...')
#1 C:\xampp\htdocs\pgnapp\vendor\codeigniter4\framework\system\Database\BaseConnection.php(741): CodeIgniter\Database\MySQLi\Connection->execute('INSERT INTO `ti...')
#2 C:\xampp\htdocs\pgnapp\vendor\codeigniter4\framework\system\Database\BaseConnection.php(669): CodeIgniter\Database\BaseConnection->simpleQuery('INSERT INTO `ti...')
#3 C:\xampp\htdocs\pgnapp\vendor\codeigniter4\framework\system\Database\BaseBuilder.php(2249): CodeIgniter\Database\BaseConnection->query('INSERT INTO `ti...', Array, false)
#4 C:\xampp\htdocs\pgnapp\vendor\codeigniter4\framework\system\Model.php(755): CodeIgniter\Database\BaseBuilder->insert()
#5 C:\xampp\htdocs\pgnapp\vendor\codeigniter4\framework\system\Model.php(574): CodeIgniter\Model->insert(Array, false)
#6 C:\xampp\htdocs\pgnapp\app\Controllers\Ticket.php(114): CodeIgniter\Model->save(Array)
#7 C:\xampp\htdocs\pgnapp\vendor\codeigniter4\framework\system\CodeIgniter.php(918): App\Controllers\Ticket->approved()
#8 C:\xampp\htdocs\pgnapp\vendor\codeigniter4\framework\system\CodeIgniter.php(404): CodeIgniter\CodeIgniter->runController(Object(App\Controllers\Ticket))
#9 C:\xampp\htdocs\pgnapp\vendor\codeigniter4\framework\system\CodeIgniter.php(312): CodeIgniter\CodeIgniter->handleRequest(NULL, Object(Config\Cache), false)
#10 C:\xampp\htdocs\pgnapp\public\index.php(45): CodeIgniter\CodeIgniter->run()
#11 C:\xampp\htdocs\pgnapp\vendor\codeigniter4\framework\system\Commands\Server\rewrite.php(34): require_once('C:\\xampp\\htdocs...')
#12 {main}
CRITICAL - 2020-08-06 01:56:55 --> Duplicate entry '2' for key 'PRIMARY'
#0 C:\xampp\htdocs\pgnapp\vendor\codeigniter4\framework\system\Database\MySQLi\Connection.php(331): mysqli->query('INSERT INTO `ti...')
#1 C:\xampp\htdocs\pgnapp\vendor\codeigniter4\framework\system\Database\BaseConnection.php(741): CodeIgniter\Database\MySQLi\Connection->execute('INSERT INTO `ti...')
#2 C:\xampp\htdocs\pgnapp\vendor\codeigniter4\framework\system\Database\BaseConnection.php(669): CodeIgniter\Database\BaseConnection->simpleQuery('INSERT INTO `ti...')
#3 C:\xampp\htdocs\pgnapp\vendor\codeigniter4\framework\system\Database\BaseBuilder.php(2249): CodeIgniter\Database\BaseConnection->query('INSERT INTO `ti...', Array, false)
#4 C:\xampp\htdocs\pgnapp\vendor\codeigniter4\framework\system\Model.php(755): CodeIgniter\Database\BaseBuilder->insert()
#5 C:\xampp\htdocs\pgnapp\vendor\codeigniter4\framework\system\Model.php(574): CodeIgniter\Model->insert(Array, false)
#6 C:\xampp\htdocs\pgnapp\app\Controllers\Ticket.php(114): CodeIgniter\Model->save(Array)
#7 C:\xampp\htdocs\pgnapp\vendor\codeigniter4\framework\system\CodeIgniter.php(918): App\Controllers\Ticket->approved()
#8 C:\xampp\htdocs\pgnapp\vendor\codeigniter4\framework\system\CodeIgniter.php(404): CodeIgniter\CodeIgniter->runController(Object(App\Controllers\Ticket))
#9 C:\xampp\htdocs\pgnapp\vendor\codeigniter4\framework\system\CodeIgniter.php(312): CodeIgniter\CodeIgniter->handleRequest(NULL, Object(Config\Cache), false)
#10 C:\xampp\htdocs\pgnapp\public\index.php(45): CodeIgniter\CodeIgniter->run()
#11 C:\xampp\htdocs\pgnapp\vendor\codeigniter4\framework\system\Commands\Server\rewrite.php(34): require_once('C:\\xampp\\htdocs...')
#12 {main}
CRITICAL - 2020-08-06 01:57:01 --> Duplicate entry '10' for key 'PRIMARY'
#0 C:\xampp\htdocs\pgnapp\vendor\codeigniter4\framework\system\Database\MySQLi\Connection.php(331): mysqli->query('INSERT INTO `ti...')
#1 C:\xampp\htdocs\pgnapp\vendor\codeigniter4\framework\system\Database\BaseConnection.php(741): CodeIgniter\Database\MySQLi\Connection->execute('INSERT INTO `ti...')
#2 C:\xampp\htdocs\pgnapp\vendor\codeigniter4\framework\system\Database\BaseConnection.php(669): CodeIgniter\Database\BaseConnection->simpleQuery('INSERT INTO `ti...')
#3 C:\xampp\htdocs\pgnapp\vendor\codeigniter4\framework\system\Database\BaseBuilder.php(2249): CodeIgniter\Database\BaseConnection->query('INSERT INTO `ti...', Array, false)
#4 C:\xampp\htdocs\pgnapp\vendor\codeigniter4\framework\system\Model.php(755): CodeIgniter\Database\BaseBuilder->insert()
#5 C:\xampp\htdocs\pgnapp\vendor\codeigniter4\framework\system\Model.php(574): CodeIgniter\Model->insert(Array, false)
#6 C:\xampp\htdocs\pgnapp\app\Controllers\Ticket.php(114): CodeIgniter\Model->save(Array)
#7 C:\xampp\htdocs\pgnapp\vendor\codeigniter4\framework\system\CodeIgniter.php(918): App\Controllers\Ticket->approved()
#8 C:\xampp\htdocs\pgnapp\vendor\codeigniter4\framework\system\CodeIgniter.php(404): CodeIgniter\CodeIgniter->runController(Object(App\Controllers\Ticket))
#9 C:\xampp\htdocs\pgnapp\vendor\codeigniter4\framework\system\CodeIgniter.php(312): CodeIgniter\CodeIgniter->handleRequest(NULL, Object(Config\Cache), false)
#10 C:\xampp\htdocs\pgnapp\public\index.php(45): CodeIgniter\CodeIgniter->run()
#11 C:\xampp\htdocs\pgnapp\vendor\codeigniter4\framework\system\Commands\Server\rewrite.php(34): require_once('C:\\xampp\\htdocs...')
#12 {main}
CRITICAL - 2020-08-06 01:59:29 --> Undefined offset: 0
#0 C:\xampp\htdocs\pgnapp\app\Controllers\Ticket.php(86): CodeIgniter\Debug\Exceptions->errorHandler(8, 'Undefined offse...', 'C:\\xampp\\htdocs...', 86, Array)
#1 C:\xampp\htdocs\pgnapp\vendor\codeigniter4\framework\system\CodeIgniter.php(918): App\Controllers\Ticket->get_ticket_details()
#2 C:\xampp\htdocs\pgnapp\vendor\codeigniter4\framework\system\CodeIgniter.php(404): CodeIgniter\CodeIgniter->runController(Object(App\Controllers\Ticket))
#3 C:\xampp\htdocs\pgnapp\vendor\codeigniter4\framework\system\CodeIgniter.php(312): CodeIgniter\CodeIgniter->handleRequest(NULL, Object(Config\Cache), false)
#4 C:\xampp\htdocs\pgnapp\public\index.php(45): CodeIgniter\CodeIgniter->run()
#5 C:\xampp\htdocs\pgnapp\vendor\codeigniter4\framework\system\Commands\Server\rewrite.php(34): require_once('C:\\xampp\\htdocs...')
#6 {main}
CRITICAL - 2020-08-06 01:59:29 --> Duplicate entry '2' for key 'PRIMARY'
#0 C:\xampp\htdocs\pgnapp\vendor\codeigniter4\framework\system\Database\MySQLi\Connection.php(331): mysqli->query('INSERT INTO `ti...')
#1 C:\xampp\htdocs\pgnapp\vendor\codeigniter4\framework\system\Database\BaseConnection.php(741): CodeIgniter\Database\MySQLi\Connection->execute('INSERT INTO `ti...')
#2 C:\xampp\htdocs\pgnapp\vendor\codeigniter4\framework\system\Database\BaseConnection.php(669): CodeIgniter\Database\BaseConnection->simpleQuery('INSERT INTO `ti...')
#3 C:\xampp\htdocs\pgnapp\vendor\codeigniter4\framework\system\Database\BaseBuilder.php(2249): CodeIgniter\Database\BaseConnection->query('INSERT INTO `ti...', Array, false)
#4 C:\xampp\htdocs\pgnapp\vendor\codeigniter4\framework\system\Model.php(755): CodeIgniter\Database\BaseBuilder->insert()
#5 C:\xampp\htdocs\pgnapp\vendor\codeigniter4\framework\system\Model.php(574): CodeIgniter\Model->insert(Array, false)
#6 C:\xampp\htdocs\pgnapp\app\Controllers\Ticket.php(114): CodeIgniter\Model->save(Array)
#7 C:\xampp\htdocs\pgnapp\vendor\codeigniter4\framework\system\CodeIgniter.php(918): App\Controllers\Ticket->approved()
#8 C:\xampp\htdocs\pgnapp\vendor\codeigniter4\framework\system\CodeIgniter.php(404): CodeIgniter\CodeIgniter->runController(Object(App\Controllers\Ticket))
#9 C:\xampp\htdocs\pgnapp\vendor\codeigniter4\framework\system\CodeIgniter.php(312): CodeIgniter\CodeIgniter->handleRequest(NULL, Object(Config\Cache), false)
#10 C:\xampp\htdocs\pgnapp\public\index.php(45): CodeIgniter\CodeIgniter->run()
#11 C:\xampp\htdocs\pgnapp\vendor\codeigniter4\framework\system\Commands\Server\rewrite.php(34): require_once('C:\\xampp\\htdocs...')
#12 {main}
CRITICAL - 2020-08-06 01:59:36 --> Undefined offset: 0
#0 C:\xampp\htdocs\pgnapp\app\Controllers\Ticket.php(86): CodeIgniter\Debug\Exceptions->errorHandler(8, 'Undefined offse...', 'C:\\xampp\\htdocs...', 86, Array)
#1 C:\xampp\htdocs\pgnapp\vendor\codeigniter4\framework\system\CodeIgniter.php(918): App\Controllers\Ticket->get_ticket_details()
#2 C:\xampp\htdocs\pgnapp\vendor\codeigniter4\framework\system\CodeIgniter.php(404): CodeIgniter\CodeIgniter->runController(Object(App\Controllers\Ticket))
#3 C:\xampp\htdocs\pgnapp\vendor\codeigniter4\framework\system\CodeIgniter.php(312): CodeIgniter\CodeIgniter->handleRequest(NULL, Object(Config\Cache), false)
#4 C:\xampp\htdocs\pgnapp\public\index.php(45): CodeIgniter\CodeIgniter->run()
#5 C:\xampp\htdocs\pgnapp\vendor\codeigniter4\framework\system\Commands\Server\rewrite.php(34): require_once('C:\\xampp\\htdocs...')
#6 {main}
CRITICAL - 2020-08-06 01:59:36 --> Duplicate entry '10' for key 'PRIMARY'
#0 C:\xampp\htdocs\pgnapp\vendor\codeigniter4\framework\system\Database\MySQLi\Connection.php(331): mysqli->query('INSERT INTO `ti...')
#1 C:\xampp\htdocs\pgnapp\vendor\codeigniter4\framework\system\Database\BaseConnection.php(741): CodeIgniter\Database\MySQLi\Connection->execute('INSERT INTO `ti...')
#2 C:\xampp\htdocs\pgnapp\vendor\codeigniter4\framework\system\Database\BaseConnection.php(669): CodeIgniter\Database\BaseConnection->simpleQuery('INSERT INTO `ti...')
#3 C:\xampp\htdocs\pgnapp\vendor\codeigniter4\framework\system\Database\BaseBuilder.php(2249): CodeIgniter\Database\BaseConnection->query('INSERT INTO `ti...', Array, false)
#4 C:\xampp\htdocs\pgnapp\vendor\codeigniter4\framework\system\Model.php(755): CodeIgniter\Database\BaseBuilder->insert()
#5 C:\xampp\htdocs\pgnapp\vendor\codeigniter4\framework\system\Model.php(574): CodeIgniter\Model->insert(Array, false)
#6 C:\xampp\htdocs\pgnapp\app\Controllers\Ticket.php(114): CodeIgniter\Model->save(Array)
#7 C:\xampp\htdocs\pgnapp\vendor\codeigniter4\framework\system\CodeIgniter.php(918): App\Controllers\Ticket->approved()
#8 C:\xampp\htdocs\pgnapp\vendor\codeigniter4\framework\system\CodeIgniter.php(404): CodeIgniter\CodeIgniter->runController(Object(App\Controllers\Ticket))
#9 C:\xampp\htdocs\pgnapp\vendor\codeigniter4\framework\system\CodeIgniter.php(312): CodeIgniter\CodeIgniter->handleRequest(NULL, Object(Config\Cache), false)
#10 C:\xampp\htdocs\pgnapp\public\index.php(45): CodeIgniter\CodeIgniter->run()
#11 C:\xampp\htdocs\pgnapp\vendor\codeigniter4\framework\system\Commands\Server\rewrite.php(34): require_once('C:\\xampp\\htdocs...')
#12 {main}
CRITICAL - 2020-08-06 02:02:57 --> Undefined offset: 0
#0 C:\xampp\htdocs\pgnapp\app\Controllers\Ticket.php(86): CodeIgniter\Debug\Exceptions->errorHandler(8, 'Undefined offse...', 'C:\\xampp\\htdocs...', 86, Array)
#1 C:\xampp\htdocs\pgnapp\vendor\codeigniter4\framework\system\CodeIgniter.php(918): App\Controllers\Ticket->get_ticket_details()
#2 C:\xampp\htdocs\pgnapp\vendor\codeigniter4\framework\system\CodeIgniter.php(404): CodeIgniter\CodeIgniter->runController(Object(App\Controllers\Ticket))
#3 C:\xampp\htdocs\pgnapp\vendor\codeigniter4\framework\system\CodeIgniter.php(312): CodeIgniter\CodeIgniter->handleRequest(NULL, Object(Config\Cache), false)
#4 C:\xampp\htdocs\pgnapp\public\index.php(45): CodeIgniter\CodeIgniter->run()
#5 C:\xampp\htdocs\pgnapp\vendor\codeigniter4\framework\system\Commands\Server\rewrite.php(34): require_once('C:\\xampp\\htdocs...')
#6 {main}
CRITICAL - 2020-08-06 02:03:03 --> Undefined offset: 0
#0 C:\xampp\htdocs\pgnapp\app\Controllers\Ticket.php(86): CodeIgniter\Debug\Exceptions->errorHandler(8, 'Undefined offse...', 'C:\\xampp\\htdocs...', 86, Array)
#1 C:\xampp\htdocs\pgnapp\vendor\codeigniter4\framework\system\CodeIgniter.php(918): App\Controllers\Ticket->get_ticket_details()
#2 C:\xampp\htdocs\pgnapp\vendor\codeigniter4\framework\system\CodeIgniter.php(404): CodeIgniter\CodeIgniter->runController(Object(App\Controllers\Ticket))
#3 C:\xampp\htdocs\pgnapp\vendor\codeigniter4\framework\system\CodeIgniter.php(312): CodeIgniter\CodeIgniter->handleRequest(NULL, Object(Config\Cache), false)
#4 C:\xampp\htdocs\pgnapp\public\index.php(45): CodeIgniter\CodeIgniter->run()
#5 C:\xampp\htdocs\pgnapp\vendor\codeigniter4\framework\system\Commands\Server\rewrite.php(34): require_once('C:\\xampp\\htdocs...')
#6 {main}
CRITICAL - 2020-08-06 02:08:51 --> Undefined offset: 0
#0 C:\xampp\htdocs\pgnapp\app\Controllers\Ticket.php(86): CodeIgniter\Debug\Exceptions->errorHandler(8, 'Undefined offse...', 'C:\\xampp\\htdocs...', 86, Array)
#1 C:\xampp\htdocs\pgnapp\vendor\codeigniter4\framework\system\CodeIgniter.php(918): App\Controllers\Ticket->get_ticket_details()
#2 C:\xampp\htdocs\pgnapp\vendor\codeigniter4\framework\system\CodeIgniter.php(404): CodeIgniter\CodeIgniter->runController(Object(App\Controllers\Ticket))
#3 C:\xampp\htdocs\pgnapp\vendor\codeigniter4\framework\system\CodeIgniter.php(312): CodeIgniter\CodeIgniter->handleRequest(NULL, Object(Config\Cache), false)
#4 C:\xampp\htdocs\pgnapp\public\index.php(45): CodeIgniter\CodeIgniter->run()
#5 C:\xampp\htdocs\pgnapp\vendor\codeigniter4\framework\system\Commands\Server\rewrite.php(34): require_once('C:\\xampp\\htdocs...')
#6 {main}
CRITICAL - 2020-08-06 02:09:21 --> Undefined offset: 0
#0 C:\xampp\htdocs\pgnapp\app\Controllers\Ticket.php(86): CodeIgniter\Debug\Exceptions->errorHandler(8, 'Undefined offse...', 'C:\\xampp\\htdocs...', 86, Array)
#1 C:\xampp\htdocs\pgnapp\vendor\codeigniter4\framework\system\CodeIgniter.php(918): App\Controllers\Ticket->get_ticket_details()
#2 C:\xampp\htdocs\pgnapp\vendor\codeigniter4\framework\system\CodeIgniter.php(404): CodeIgniter\CodeIgniter->runController(Object(App\Controllers\Ticket))
#3 C:\xampp\htdocs\pgnapp\vendor\codeigniter4\framework\system\CodeIgniter.php(312): CodeIgniter\CodeIgniter->handleRequest(NULL, Object(Config\Cache), false)
#4 C:\xampp\htdocs\pgnapp\public\index.php(45): CodeIgniter\CodeIgniter->run()
#5 C:\xampp\htdocs\pgnapp\vendor\codeigniter4\framework\system\Commands\Server\rewrite.php(34): require_once('C:\\xampp\\htdocs...')
#6 {main}
CRITICAL - 2020-08-06 02:10:45 --> Undefined offset: 0
#0 C:\xampp\htdocs\pgnapp\app\Controllers\Ticket.php(86): CodeIgniter\Debug\Exceptions->errorHandler(8, 'Undefined offse...', 'C:\\xampp\\htdocs...', 86, Array)
#1 C:\xampp\htdocs\pgnapp\vendor\codeigniter4\framework\system\CodeIgniter.php(918): App\Controllers\Ticket->get_ticket_details()
#2 C:\xampp\htdocs\pgnapp\vendor\codeigniter4\framework\system\CodeIgniter.php(404): CodeIgniter\CodeIgniter->runController(Object(App\Controllers\Ticket))
#3 C:\xampp\htdocs\pgnapp\vendor\codeigniter4\framework\system\CodeIgniter.php(312): CodeIgniter\CodeIgniter->handleRequest(NULL, Object(Config\Cache), false)
#4 C:\xampp\htdocs\pgnapp\public\index.php(45): CodeIgniter\CodeIgniter->run()
#5 C:\xampp\htdocs\pgnapp\vendor\codeigniter4\framework\system\Commands\Server\rewrite.php(34): require_once('C:\\xampp\\htdocs...')
#6 {main}
CRITICAL - 2020-08-06 02:12:14 --> Undefined variable: result
#0 C:\xampp\htdocs\pgnapp\app\Controllers\Ticket.php(76): CodeIgniter\Debug\Exceptions->errorHandler(8, 'Undefined varia...', 'C:\\xampp\\htdocs...', 76, Array)
#1 C:\xampp\htdocs\pgnapp\vendor\codeigniter4\framework\system\CodeIgniter.php(918): App\Controllers\Ticket->get_ticket_list()
#2 C:\xampp\htdocs\pgnapp\vendor\codeigniter4\framework\system\CodeIgniter.php(404): CodeIgniter\CodeIgniter->runController(Object(App\Controllers\Ticket))
#3 C:\xampp\htdocs\pgnapp\vendor\codeigniter4\framework\system\CodeIgniter.php(312): CodeIgniter\CodeIgniter->handleRequest(NULL, Object(Config\Cache), false)
#4 C:\xampp\htdocs\pgnapp\public\index.php(45): CodeIgniter\CodeIgniter->run()
#5 C:\xampp\htdocs\pgnapp\vendor\codeigniter4\framework\system\Commands\Server\rewrite.php(34): require_once('C:\\xampp\\htdocs...')
#6 {main}
CRITICAL - 2020-08-06 02:14:08 --> Undefined variable: result
#0 C:\xampp\htdocs\pgnapp\app\Controllers\Ticket.php(76): CodeIgniter\Debug\Exceptions->errorHandler(8, 'Undefined varia...', 'C:\\xampp\\htdocs...', 76, Array)
#1 C:\xampp\htdocs\pgnapp\vendor\codeigniter4\framework\system\CodeIgniter.php(918): App\Controllers\Ticket->get_ticket_list()
#2 C:\xampp\htdocs\pgnapp\vendor\codeigniter4\framework\system\CodeIgniter.php(404): CodeIgniter\CodeIgniter->runController(Object(App\Controllers\Ticket))
#3 C:\xampp\htdocs\pgnapp\vendor\codeigniter4\framework\system\CodeIgniter.php(312): CodeIgniter\CodeIgniter->handleRequest(NULL, Object(Config\Cache), false)
#4 C:\xampp\htdocs\pgnapp\public\index.php(45): CodeIgniter\CodeIgniter->run()
#5 C:\xampp\htdocs\pgnapp\vendor\codeigniter4\framework\system\Commands\Server\rewrite.php(34): require_once('C:\\xampp\\htdocs...')
#6 {main}
CRITICAL - 2020-08-06 02:15:09 --> Undefined variable: result
#0 C:\xampp\htdocs\pgnapp\app\Controllers\Ticket.php(76): CodeIgniter\Debug\Exceptions->errorHandler(8, 'Undefined varia...', 'C:\\xampp\\htdocs...', 76, Array)
#1 C:\xampp\htdocs\pgnapp\vendor\codeigniter4\framework\system\CodeIgniter.php(918): App\Controllers\Ticket->get_ticket_list()
#2 C:\xampp\htdocs\pgnapp\vendor\codeigniter4\framework\system\CodeIgniter.php(404): CodeIgniter\CodeIgniter->runController(Object(App\Controllers\Ticket))
#3 C:\xampp\htdocs\pgnapp\vendor\codeigniter4\framework\system\CodeIgniter.php(312): CodeIgniter\CodeIgniter->handleRequest(NULL, Object(Config\Cache), false)
#4 C:\xampp\htdocs\pgnapp\public\index.php(45): CodeIgniter\CodeIgniter->run()
#5 C:\xampp\htdocs\pgnapp\vendor\codeigniter4\framework\system\Commands\Server\rewrite.php(34): require_once('C:\\xampp\\htdocs...')
#6 {main}
CRITICAL - 2020-08-06 02:15:16 --> Undefined variable: result
#0 C:\xampp\htdocs\pgnapp\app\Controllers\Ticket.php(76): CodeIgniter\Debug\Exceptions->errorHandler(8, 'Undefined varia...', 'C:\\xampp\\htdocs...', 76, Array)
#1 C:\xampp\htdocs\pgnapp\vendor\codeigniter4\framework\system\CodeIgniter.php(918): App\Controllers\Ticket->get_ticket_list()
#2 C:\xampp\htdocs\pgnapp\vendor\codeigniter4\framework\system\CodeIgniter.php(404): CodeIgniter\CodeIgniter->runController(Object(App\Controllers\Ticket))
#3 C:\xampp\htdocs\pgnapp\vendor\codeigniter4\framework\system\CodeIgniter.php(312): CodeIgniter\CodeIgniter->handleRequest(NULL, Object(Config\Cache), false)
#4 C:\xampp\htdocs\pgnapp\public\index.php(45): CodeIgniter\CodeIgniter->run()
#5 C:\xampp\htdocs\pgnapp\vendor\codeigniter4\framework\system\Commands\Server\rewrite.php(34): require_once('C:\\xampp\\htdocs...')
#6 {main}
CRITICAL - 2020-08-06 02:15:31 --> Undefined variable: result
#0 C:\xampp\htdocs\pgnapp\app\Controllers\Ticket.php(76): CodeIgniter\Debug\Exceptions->errorHandler(8, 'Undefined varia...', 'C:\\xampp\\htdocs...', 76, Array)
#1 C:\xampp\htdocs\pgnapp\vendor\codeigniter4\framework\system\CodeIgniter.php(918): App\Controllers\Ticket->get_ticket_list()
#2 C:\xampp\htdocs\pgnapp\vendor\codeigniter4\framework\system\CodeIgniter.php(404): CodeIgniter\CodeIgniter->runController(Object(App\Controllers\Ticket))
#3 C:\xampp\htdocs\pgnapp\vendor\codeigniter4\framework\system\CodeIgniter.php(312): CodeIgniter\CodeIgniter->handleRequest(NULL, Object(Config\Cache), false)
#4 C:\xampp\htdocs\pgnapp\public\index.php(45): CodeIgniter\CodeIgniter->run()
#5 C:\xampp\htdocs\pgnapp\vendor\codeigniter4\framework\system\Commands\Server\rewrite.php(34): require_once('C:\\xampp\\htdocs...')
#6 {main}
CRITICAL - 2020-08-06 02:15:36 --> Undefined variable: result
#0 C:\xampp\htdocs\pgnapp\app\Controllers\Ticket.php(76): CodeIgniter\Debug\Exceptions->errorHandler(8, 'Undefined varia...', 'C:\\xampp\\htdocs...', 76, Array)
#1 C:\xampp\htdocs\pgnapp\vendor\codeigniter4\framework\system\CodeIgniter.php(918): App\Controllers\Ticket->get_ticket_list()
#2 C:\xampp\htdocs\pgnapp\vendor\codeigniter4\framework\system\CodeIgniter.php(404): CodeIgniter\CodeIgniter->runController(Object(App\Controllers\Ticket))
#3 C:\xampp\htdocs\pgnapp\vendor\codeigniter4\framework\system\CodeIgniter.php(312): CodeIgniter\CodeIgniter->handleRequest(NULL, Object(Config\Cache), false)
#4 C:\xampp\htdocs\pgnapp\public\index.php(45): CodeIgniter\CodeIgniter->run()
#5 C:\xampp\htdocs\pgnapp\vendor\codeigniter4\framework\system\Commands\Server\rewrite.php(34): require_once('C:\\xampp\\htdocs...')
#6 {main}
CRITICAL - 2020-08-06 02:16:47 --> Unknown column 'ticket' in 'where clause'
#0 C:\xampp\htdocs\pgnapp\vendor\codeigniter4\framework\system\Database\MySQLi\Connection.php(331): mysqli->query('SELECT *, `t`.`...')
#1 C:\xampp\htdocs\pgnapp\vendor\codeigniter4\framework\system\Database\BaseConnection.php(741): CodeIgniter\Database\MySQLi\Connection->execute('SELECT *, `t`.`...')
#2 C:\xampp\htdocs\pgnapp\vendor\codeigniter4\framework\system\Database\BaseConnection.php(669): CodeIgniter\Database\BaseConnection->simpleQuery('SELECT *, `t`.`...')
#3 C:\xampp\htdocs\pgnapp\vendor\codeigniter4\framework\system\Database\BaseBuilder.php(1860): CodeIgniter\Database\BaseConnection->query('SELECT *, `t`.`...', Array, false)
#4 C:\xampp\htdocs\pgnapp\vendor\codeigniter4\framework\system\Model.php(462): CodeIgniter\Database\BaseBuilder->get()
#5 C:\xampp\htdocs\pgnapp\app\Models\TicketModel.php(29): CodeIgniter\Model->findAll()
#6 C:\xampp\htdocs\pgnapp\app\Controllers\Ticket.php(84): App\Models\TicketModel->getTicket('2')
#7 C:\xampp\htdocs\pgnapp\vendor\codeigniter4\framework\system\CodeIgniter.php(918): App\Controllers\Ticket->get_ticket_details()
#8 C:\xampp\htdocs\pgnapp\vendor\codeigniter4\framework\system\CodeIgniter.php(404): CodeIgniter\CodeIgniter->runController(Object(App\Controllers\Ticket))
#9 C:\xampp\htdocs\pgnapp\vendor\codeigniter4\framework\system\CodeIgniter.php(312): CodeIgniter\CodeIgniter->handleRequest(NULL, Object(Config\Cache), false)
#10 C:\xampp\htdocs\pgnapp\public\index.php(45): CodeIgniter\CodeIgniter->run()
#11 C:\xampp\htdocs\pgnapp\vendor\codeigniter4\framework\system\Commands\Server\rewrite.php(34): require_once('C:\\xampp\\htdocs...')
#12 {main}
CRITICAL - 2020-08-06 02:16:48 --> Unknown column 'ticket' in 'where clause'
#0 C:\xampp\htdocs\pgnapp\vendor\codeigniter4\framework\system\Database\MySQLi\Connection.php(331): mysqli->query('SELECT *, `t`.`...')
#1 C:\xampp\htdocs\pgnapp\vendor\codeigniter4\framework\system\Database\BaseConnection.php(741): CodeIgniter\Database\MySQLi\Connection->execute('SELECT *, `t`.`...')
#2 C:\xampp\htdocs\pgnapp\vendor\codeigniter4\framework\system\Database\BaseConnection.php(669): CodeIgniter\Database\BaseConnection->simpleQuery('SELECT *, `t`.`...')
#3 C:\xampp\htdocs\pgnapp\vendor\codeigniter4\framework\system\Database\BaseBuilder.php(1860): CodeIgniter\Database\BaseConnection->query('SELECT *, `t`.`...', Array, false)
#4 C:\xampp\htdocs\pgnapp\vendor\codeigniter4\framework\system\Model.php(462): CodeIgniter\Database\BaseBuilder->get()
#5 C:\xampp\htdocs\pgnapp\app\Models\TicketModel.php(29): CodeIgniter\Model->findAll()
#6 C:\xampp\htdocs\pgnapp\app\Controllers\Ticket.php(84): App\Models\TicketModel->getTicket('2')
#7 C:\xampp\htdocs\pgnapp\vendor\codeigniter4\framework\system\CodeIgniter.php(918): App\Controllers\Ticket->get_ticket_details()
#8 C:\xampp\htdocs\pgnapp\vendor\codeigniter4\framework\system\CodeIgniter.php(404): CodeIgniter\CodeIgniter->runController(Object(App\Controllers\Ticket))
#9 C:\xampp\htdocs\pgnapp\vendor\codeigniter4\framework\system\CodeIgniter.php(312): CodeIgniter\CodeIgniter->handleRequest(NULL, Object(Config\Cache), false)
#10 C:\xampp\htdocs\pgnapp\public\index.php(45): CodeIgniter\CodeIgniter->run()
#11 C:\xampp\htdocs\pgnapp\vendor\codeigniter4\framework\system\Commands\Server\rewrite.php(34): require_once('C:\\xampp\\htdocs...')
#12 {main}
CRITICAL - 2020-08-06 02:16:49 --> Unknown column 'ticket' in 'where clause'
#0 C:\xampp\htdocs\pgnapp\vendor\codeigniter4\framework\system\Database\MySQLi\Connection.php(331): mysqli->query('SELECT *, `t`.`...')
#1 C:\xampp\htdocs\pgnapp\vendor\codeigniter4\framework\system\Database\BaseConnection.php(741): CodeIgniter\Database\MySQLi\Connection->execute('SELECT *, `t`.`...')
#2 C:\xampp\htdocs\pgnapp\vendor\codeigniter4\framework\system\Database\BaseConnection.php(669): CodeIgniter\Database\BaseConnection->simpleQuery('SELECT *, `t`.`...')
#3 C:\xampp\htdocs\pgnapp\vendor\codeigniter4\framework\system\Database\BaseBuilder.php(1860): CodeIgniter\Database\BaseConnection->query('SELECT *, `t`.`...', Array, false)
#4 C:\xampp\htdocs\pgnapp\vendor\codeigniter4\framework\system\Model.php(462): CodeIgniter\Database\BaseBuilder->get()
#5 C:\xampp\htdocs\pgnapp\app\Models\TicketModel.php(29): CodeIgniter\Model->findAll()
#6 C:\xampp\htdocs\pgnapp\app\Controllers\Ticket.php(84): App\Models\TicketModel->getTicket('2')
#7 C:\xampp\htdocs\pgnapp\vendor\codeigniter4\framework\system\CodeIgniter.php(918): App\Controllers\Ticket->get_ticket_details()
#8 C:\xampp\htdocs\pgnapp\vendor\codeigniter4\framework\system\CodeIgniter.php(404): CodeIgniter\CodeIgniter->runController(Object(App\Controllers\Ticket))
#9 C:\xampp\htdocs\pgnapp\vendor\codeigniter4\framework\system\CodeIgniter.php(312): CodeIgniter\CodeIgniter->handleRequest(NULL, Object(Config\Cache), false)
#10 C:\xampp\htdocs\pgnapp\public\index.php(45): CodeIgniter\CodeIgniter->run()
#11 C:\xampp\htdocs\pgnapp\vendor\codeigniter4\framework\system\Commands\Server\rewrite.php(34): require_once('C:\\xampp\\htdocs...')
#12 {main}
CRITICAL - 2020-08-06 02:16:50 --> Unknown column 'ticket' in 'where clause'
#0 C:\xampp\htdocs\pgnapp\vendor\codeigniter4\framework\system\Database\MySQLi\Connection.php(331): mysqli->query('SELECT *, `t`.`...')
#1 C:\xampp\htdocs\pgnapp\vendor\codeigniter4\framework\system\Database\BaseConnection.php(741): CodeIgniter\Database\MySQLi\Connection->execute('SELECT *, `t`.`...')
#2 C:\xampp\htdocs\pgnapp\vendor\codeigniter4\framework\system\Database\BaseConnection.php(669): CodeIgniter\Database\BaseConnection->simpleQuery('SELECT *, `t`.`...')
#3 C:\xampp\htdocs\pgnapp\vendor\codeigniter4\framework\system\Database\BaseBuilder.php(1860): CodeIgniter\Database\BaseConnection->query('SELECT *, `t`.`...', Array, false)
#4 C:\xampp\htdocs\pgnapp\vendor\codeigniter4\framework\system\Model.php(462): CodeIgniter\Database\BaseBuilder->get()
#5 C:\xampp\htdocs\pgnapp\app\Models\TicketModel.php(29): CodeIgniter\Model->findAll()
#6 C:\xampp\htdocs\pgnapp\app\Controllers\Ticket.php(84): App\Models\TicketModel->getTicket('2')
#7 C:\xampp\htdocs\pgnapp\vendor\codeigniter4\framework\system\CodeIgniter.php(918): App\Controllers\Ticket->get_ticket_details()
#8 C:\xampp\htdocs\pgnapp\vendor\codeigniter4\framework\system\CodeIgniter.php(404): CodeIgniter\CodeIgniter->runController(Object(App\Controllers\Ticket))
#9 C:\xampp\htdocs\pgnapp\vendor\codeigniter4\framework\system\CodeIgniter.php(312): CodeIgniter\CodeIgniter->handleRequest(NULL, Object(Config\Cache), false)
#10 C:\xampp\htdocs\pgnapp\public\index.php(45): CodeIgniter\CodeIgniter->run()
#11 C:\xampp\htdocs\pgnapp\vendor\codeigniter4\framework\system\Commands\Server\rewrite.php(34): require_once('C:\\xampp\\htdocs...')
#12 {main}
CRITICAL - 2020-08-06 02:16:57 --> Unknown column 'ticket' in 'where clause'
#0 C:\xampp\htdocs\pgnapp\vendor\codeigniter4\framework\system\Database\MySQLi\Connection.php(331): mysqli->query('SELECT *, `t`.`...')
#1 C:\xampp\htdocs\pgnapp\vendor\codeigniter4\framework\system\Database\BaseConnection.php(741): CodeIgniter\Database\MySQLi\Connection->execute('SELECT *, `t`.`...')
#2 C:\xampp\htdocs\pgnapp\vendor\codeigniter4\framework\system\Database\BaseConnection.php(669): CodeIgniter\Database\BaseConnection->simpleQuery('SELECT *, `t`.`...')
#3 C:\xampp\htdocs\pgnapp\vendor\codeigniter4\framework\system\Database\BaseBuilder.php(1860): CodeIgniter\Database\BaseConnection->query('SELECT *, `t`.`...', Array, false)
#4 C:\xampp\htdocs\pgnapp\vendor\codeigniter4\framework\system\Model.php(462): CodeIgniter\Database\BaseBuilder->get()
#5 C:\xampp\htdocs\pgnapp\app\Models\TicketModel.php(29): CodeIgniter\Model->findAll()
#6 C:\xampp\htdocs\pgnapp\app\Controllers\Ticket.php(84): App\Models\TicketModel->getTicket('2')
#7 C:\xampp\htdocs\pgnapp\vendor\codeigniter4\framework\system\CodeIgniter.php(918): App\Controllers\Ticket->get_ticket_details()
#8 C:\xampp\htdocs\pgnapp\vendor\codeigniter4\framework\system\CodeIgniter.php(404): CodeIgniter\CodeIgniter->runController(Object(App\Controllers\Ticket))
#9 C:\xampp\htdocs\pgnapp\vendor\codeigniter4\framework\system\CodeIgniter.php(312): CodeIgniter\CodeIgniter->handleRequest(NULL, Object(Config\Cache), false)
#10 C:\xampp\htdocs\pgnapp\public\index.php(45): CodeIgniter\CodeIgniter->run()
#11 C:\xampp\htdocs\pgnapp\vendor\codeigniter4\framework\system\Commands\Server\rewrite.php(34): require_once('C:\\xampp\\htdocs...')
#12 {main}
